<?xml version="1.0" encoding="UTF-8"?>
<testsuite name="com.mindex.challenge.ChallengeApplicationTests" tests="1" skipped="0" failures="0" errors="0" timestamp="2022-07-15T17:55:43" hostname="USATLMCHUNN1" time="0.003">
  <properties/>
  <testcase name="contextLoads" classname="com.mindex.challenge.ChallengeApplicationTests" time="0.003"/>
  <system-out><![CDATA[2022-07-15 13:55:42.113  INFO 28392 --- [    Test worker] .b.t.c.SpringBootTestContextBootstrapper : Neither @ContextConfiguration nor @ContextHierarchy found for test class [com.mindex.challenge.ChallengeApplicationTests], using SpringBootContextLoader
2022-07-15 13:55:42.114  INFO 28392 --- [    Test worker] o.s.t.c.support.AbstractContextLoader    : Could not detect default resource locations for test class [com.mindex.challenge.ChallengeApplicationTests]: no resource found for suffixes {-context.xml, Context.groovy}.
2022-07-15 13:55:42.115  INFO 28392 --- [    Test worker] t.c.s.AnnotationConfigContextLoaderUtils : Could not detect default configuration classes for test class [com.mindex.challenge.ChallengeApplicationTests]: ChallengeApplicationTests does not declare any static, non-private, non-final, nested classes annotated with @Configuration.
2022-07-15 13:55:42.125  INFO 28392 --- [    Test worker] .b.t.c.SpringBootTestContextBootstrapper : Found @SpringBootConfiguration com.mindex.challenge.ChallengeApplication for test class com.mindex.challenge.ChallengeApplicationTests
2022-07-15 13:55:42.128  INFO 28392 --- [    Test worker] .b.t.c.SpringBootTestContextBootstrapper : Loaded default TestExecutionListener class names from location [META-INF/spring.factories]: [org.springframework.boot.test.autoconfigure.restdocs.RestDocsTestExecutionListener, org.springframework.boot.test.autoconfigure.web.client.MockRestServiceServerResetTestExecutionListener, org.springframework.boot.test.autoconfigure.web.servlet.MockMvcPrintOnlyOnFailureTestExecutionListener, org.springframework.boot.test.autoconfigure.web.servlet.WebDriverTestExecutionListener, org.springframework.boot.test.mock.mockito.MockitoTestExecutionListener, org.springframework.boot.test.mock.mockito.ResetMocksTestExecutionListener, org.springframework.test.context.web.ServletTestExecutionListener, org.springframework.test.context.support.DirtiesContextBeforeModesTestExecutionListener, org.springframework.test.context.support.DependencyInjectionTestExecutionListener, org.springframework.test.context.support.DirtiesContextTestExecutionListener, org.springframework.test.context.transaction.TransactionalTestExecutionListener, org.springframework.test.context.jdbc.SqlScriptsTestExecutionListener, org.springframework.test.context.event.EventPublishingTestExecutionListener]
2022-07-15 13:55:42.128  INFO 28392 --- [    Test worker] .b.t.c.SpringBootTestContextBootstrapper : Using TestExecutionListeners: [org.springframework.test.context.web.ServletTestExecutionListener@231ab467, org.springframework.test.context.support.DirtiesContextBeforeModesTestExecutionListener@4551b226, org.springframework.boot.test.mock.mockito.MockitoTestExecutionListener@51199263, org.springframework.boot.test.autoconfigure.SpringBootDependencyInjectionTestExecutionListener@3ecde83c, org.springframework.test.context.support.DirtiesContextTestExecutionListener@4802ca0e, org.springframework.test.context.transaction.TransactionalTestExecutionListener@a91aa, org.springframework.test.context.jdbc.SqlScriptsTestExecutionListener@1d1d9142, org.springframework.test.context.event.EventPublishingTestExecutionListener@4c4006d5, org.springframework.boot.test.autoconfigure.restdocs.RestDocsTestExecutionListener@12cce7e9, org.springframework.boot.test.autoconfigure.web.client.MockRestServiceServerResetTestExecutionListener@461fb3db, org.springframework.boot.test.autoconfigure.web.servlet.MockMvcPrintOnlyOnFailureTestExecutionListener@37f9bddb, org.springframework.boot.test.autoconfigure.web.servlet.WebDriverTestExecutionListener@7bc3735f, org.springframework.boot.test.mock.mockito.ResetMocksTestExecutionListener@ec53061]

  .   ____          _            __ _ _
 /\\ / ___'_ __ _ _(_)_ __  __ _ \ \ \ \
( ( )\___ | '_ | '_| | '_ \/ _` | \ \ \ \
 \\/  ___)| |_)| | | | | || (_| |  ) ) ) )
  '  |____| .__|_| |_|_| |_\__, | / / / /
 =========|_|==============|___/=/_/_/_/
 :: Spring Boot ::        (v2.2.0.RELEASE)

2022-07-15 13:55:42.172  INFO 28392 --- [    Test worker] c.m.challenge.ChallengeApplicationTests  : Starting ChallengeApplicationTests on USATLMCHUNN1 with PID 28392 (started by mchunn in C:\Temp\mark\mindex-java-code-challenge)
2022-07-15 13:55:42.172 DEBUG 28392 --- [    Test worker] c.m.challenge.ChallengeApplicationTests  : Running with Spring Boot v2.2.0.RELEASE, Spring v5.2.0.RELEASE
2022-07-15 13:55:42.174  INFO 28392 --- [    Test worker] c.m.challenge.ChallengeApplicationTests  : No active profile set, falling back to default profiles: default
2022-07-15 13:55:42.392  INFO 28392 --- [    Test worker] .s.d.r.c.RepositoryConfigurationDelegate : Bootstrapping Spring Data repositories in DEFAULT mode.
2022-07-15 13:55:42.406  INFO 28392 --- [    Test worker] .s.d.r.c.RepositoryConfigurationDelegate : Finished Spring Data repository scanning in 13ms. Found 2 repository interfaces.
2022-07-15 13:55:42.656  INFO 28392 --- [    Test worker] de.bwaldvogel.mongo.MongoServer          : started MongoServer(port: 62827, ssl: false)
2022-07-15 13:55:42.659  INFO 28392 --- [    Test worker] org.mongodb.driver.cluster               : Cluster created with settings {hosts=[127.0.0.1:62827], mode=SINGLE, requiredClusterType=UNKNOWN, serverSelectionTimeout='30000 ms', maxWaitQueueSize=500}
2022-07-15 13:55:42.663  INFO 28392 --- [-server-worker1] d.b.mongo.wire.MongoWireProtocolHandler  : client [id: 0x2b2126af, L:/127.0.0.1:62827 - R:/127.0.0.1:62828] connected
2022-07-15 13:55:42.670  WARN 28392 --- [    Test worker] o.s.data.convert.CustomConversions       : Registering converter from class java.time.LocalDateTime to class java.time.Instant as reading converter although it doesn't convert from a store-supported type! You might wanna check you annotation setup at the converter implementation.
2022-07-15 13:55:42.671  WARN 28392 --- [    Test worker] o.s.data.convert.CustomConversions       : Registering converter from class java.time.Instant to class java.time.LocalDateTime as reading converter although it doesn't convert from a store-supported type! You might wanna check you annotation setup at the converter implementation.
2022-07-15 13:55:42.674  INFO 28392 --- [127.0.0.1:62827] org.mongodb.driver.connection            : Opened connection [connectionId{localValue:3}] to 127.0.0.1:62827
2022-07-15 13:55:42.674  WARN 28392 --- [    Test worker] o.s.data.convert.CustomConversions       : Registering converter from class java.time.LocalDateTime to class java.time.Instant as reading converter although it doesn't convert from a store-supported type! You might wanna check you annotation setup at the converter implementation.
2022-07-15 13:55:42.674  WARN 28392 --- [    Test worker] o.s.data.convert.CustomConversions       : Registering converter from class java.time.Instant to class java.time.LocalDateTime as reading converter although it doesn't convert from a store-supported type! You might wanna check you annotation setup at the converter implementation.
2022-07-15 13:55:42.675  INFO 28392 --- [127.0.0.1:62827] org.mongodb.driver.cluster               : Monitor thread successfully connected to server with description ServerDescription{address=127.0.0.1:62827, type=STANDALONE, state=CONNECTED, ok=true, version=ServerVersion{versionList=[3, 0, 0]}, minWireVersion=0, maxWireVersion=2, maxDocumentSize=16777216, logicalSessionTimeoutMinutes=null, roundTripTimeNanos=1260700}
2022-07-15 13:55:42.753  INFO 28392 --- [-server-worker2] d.b.mongo.wire.MongoWireProtocolHandler  : client [id: 0x736bafa0, L:/127.0.0.1:62827 - R:/127.0.0.1:62829] connected
2022-07-15 13:55:42.762  INFO 28392 --- [    Test worker] org.mongodb.driver.connection            : Opened connection [connectionId{localValue:4}] to 127.0.0.1:62827
2022-07-15 13:55:42.763  INFO 28392 --- [-server-worker2] d.b.mongo.backend.AbstractMongoBackend   : created database test
2022-07-15 13:55:42.764  INFO 28392 --- [-server-worker2] d.b.mongo.backend.AbstractMongoDatabase  : adding unique _id index for collection employee
2022-07-15 13:55:42.765  INFO 28392 --- [-server-worker2] d.b.mongo.backend.AbstractMongoDatabase  : created collection test.employee
2022-07-15 13:55:43.053  INFO 28392 --- [    Test worker] o.s.s.concurrent.ThreadPoolTaskExecutor  : Initializing ExecutorService 'applicationTaskExecutor'
2022-07-15 13:55:43.245  WARN 28392 --- [    Test worker] o.s.data.convert.CustomConversions       : Registering converter from class java.time.LocalDateTime to class java.time.Instant as reading converter although it doesn't convert from a store-supported type! You might wanna check you annotation setup at the converter implementation.
2022-07-15 13:55:43.246  WARN 28392 --- [    Test worker] o.s.data.convert.CustomConversions       : Registering converter from class java.time.Instant to class java.time.LocalDateTime as reading converter although it doesn't convert from a store-supported type! You might wanna check you annotation setup at the converter implementation.
2022-07-15 13:55:43.280  WARN 28392 --- [    Test worker] o.s.data.convert.CustomConversions       : Registering converter from class java.time.LocalDateTime to class java.time.Instant as reading converter although it doesn't convert from a store-supported type! You might wanna check you annotation setup at the converter implementation.
2022-07-15 13:55:43.281  WARN 28392 --- [    Test worker] o.s.data.convert.CustomConversions       : Registering converter from class java.time.Instant to class java.time.LocalDateTime as reading converter although it doesn't convert from a store-supported type! You might wanna check you annotation setup at the converter implementation.
2022-07-15 13:55:43.349  INFO 28392 --- [    Test worker] c.m.challenge.ChallengeApplicationTests  : Started ChallengeApplicationTests in 1.214 seconds (JVM running for 8.316)
]]></system-out>
  <system-err><![CDATA[]]></system-err>
</testsuite>
