<?xml version="1.0" encoding="UTF-8"?>
<testsuite name="com.mindex.challenge.DataBootstrapTest" tests="1" skipped="0" failures="0" errors="0" timestamp="2022-07-15T17:55:43" hostname="USATLMCHUNN1" time="0.008">
  <properties/>
  <testcase name="test" classname="com.mindex.challenge.DataBootstrapTest" time="0.008"/>
  <system-out><![CDATA[2022-07-15 13:55:43.368  INFO 28392 --- [    Test worker] .b.t.c.SpringBootTestContextBootstrapper : Neither @ContextConfiguration nor @ContextHierarchy found for test class [com.mindex.challenge.DataBootstrapTest], using SpringBootContextLoader
2022-07-15 13:55:43.369  INFO 28392 --- [    Test worker] o.s.t.c.support.AbstractContextLoader    : Could not detect default resource locations for test class [com.mindex.challenge.DataBootstrapTest]: no resource found for suffixes {-context.xml, Context.groovy}.
2022-07-15 13:55:43.370  INFO 28392 --- [    Test worker] t.c.s.AnnotationConfigContextLoaderUtils : Could not detect default configuration classes for test class [com.mindex.challenge.DataBootstrapTest]: DataBootstrapTest does not declare any static, non-private, non-final, nested classes annotated with @Configuration.
2022-07-15 13:55:43.372  INFO 28392 --- [    Test worker] .b.t.c.SpringBootTestContextBootstrapper : Found @SpringBootConfiguration com.mindex.challenge.ChallengeApplication for test class com.mindex.challenge.DataBootstrapTest
2022-07-15 13:55:43.374  INFO 28392 --- [    Test worker] .b.t.c.SpringBootTestContextBootstrapper : Loaded default TestExecutionListener class names from location [META-INF/spring.factories]: [org.springframework.boot.test.autoconfigure.restdocs.RestDocsTestExecutionListener, org.springframework.boot.test.autoconfigure.web.client.MockRestServiceServerResetTestExecutionListener, org.springframework.boot.test.autoconfigure.web.servlet.MockMvcPrintOnlyOnFailureTestExecutionListener, org.springframework.boot.test.autoconfigure.web.servlet.WebDriverTestExecutionListener, org.springframework.boot.test.mock.mockito.MockitoTestExecutionListener, org.springframework.boot.test.mock.mockito.ResetMocksTestExecutionListener, org.springframework.test.context.web.ServletTestExecutionListener, org.springframework.test.context.support.DirtiesContextBeforeModesTestExecutionListener, org.springframework.test.context.support.DependencyInjectionTestExecutionListener, org.springframework.test.context.support.DirtiesContextTestExecutionListener, org.springframework.test.context.transaction.TransactionalTestExecutionListener, org.springframework.test.context.jdbc.SqlScriptsTestExecutionListener, org.springframework.test.context.event.EventPublishingTestExecutionListener]
2022-07-15 13:55:43.375  INFO 28392 --- [    Test worker] .b.t.c.SpringBootTestContextBootstrapper : Using TestExecutionListeners: [org.springframework.test.context.web.ServletTestExecutionListener@d54bee7, org.springframework.test.context.support.DirtiesContextBeforeModesTestExecutionListener@5af49d55, org.springframework.boot.test.mock.mockito.MockitoTestExecutionListener@2a0a99a3, org.springframework.boot.test.autoconfigure.SpringBootDependencyInjectionTestExecutionListener@5ab1fc91, org.springframework.test.context.support.DirtiesContextTestExecutionListener@72bad2a6, org.springframework.test.context.transaction.TransactionalTestExecutionListener@cdae791, org.springframework.test.context.jdbc.SqlScriptsTestExecutionListener@7263b028, org.springframework.test.context.event.EventPublishingTestExecutionListener@27e38f81, org.springframework.boot.test.autoconfigure.restdocs.RestDocsTestExecutionListener@3e84639, org.springframework.boot.test.autoconfigure.web.client.MockRestServiceServerResetTestExecutionListener@5855cfba, org.springframework.boot.test.autoconfigure.web.servlet.MockMvcPrintOnlyOnFailureTestExecutionListener@3758d668, org.springframework.boot.test.autoconfigure.web.servlet.WebDriverTestExecutionListener@cfcd885, org.springframework.boot.test.mock.mockito.ResetMocksTestExecutionListener@4d649ead]
]]></system-out>
  <system-err><![CDATA[]]></system-err>
</testsuite>
