<?xml version="1.0" encoding="UTF-8"?>
<testsuite name="com.mindex.challenge.service.impl.CompensationServiceImplTest" tests="1" skipped="0" failures="0" errors="0" timestamp="2022-07-15T17:55:43" hostname="USATLMCHUNN1" time="0.053">
  <properties/>
  <testcase name="testCreateReadUpdate" classname="com.mindex.challenge.service.impl.CompensationServiceImplTest" time="0.053"/>
  <system-out><![CDATA[2022-07-15 13:55:43.390  INFO 28392 --- [    Test worker] .b.t.c.SpringBootTestContextBootstrapper : Neither @ContextConfiguration nor @ContextHierarchy found for test class [com.mindex.challenge.service.impl.CompensationServiceImplTest], using SpringBootContextLoader
2022-07-15 13:55:43.391  INFO 28392 --- [    Test worker] o.s.t.c.support.AbstractContextLoader    : Could not detect default resource locations for test class [com.mindex.challenge.service.impl.CompensationServiceImplTest]: no resource found for suffixes {-context.xml, Context.groovy}.
2022-07-15 13:55:43.391  INFO 28392 --- [    Test worker] t.c.s.AnnotationConfigContextLoaderUtils : Could not detect default configuration classes for test class [com.mindex.challenge.service.impl.CompensationServiceImplTest]: CompensationServiceImplTest does not declare any static, non-private, non-final, nested classes annotated with @Configuration.
2022-07-15 13:55:43.394  INFO 28392 --- [    Test worker] .b.t.c.SpringBootTestContextBootstrapper : Found @SpringBootConfiguration com.mindex.challenge.ChallengeApplication for test class com.mindex.challenge.service.impl.CompensationServiceImplTest
2022-07-15 13:55:43.396  INFO 28392 --- [    Test worker] .b.t.c.SpringBootTestContextBootstrapper : Loaded default TestExecutionListener class names from location [META-INF/spring.factories]: [org.springframework.boot.test.autoconfigure.restdocs.RestDocsTestExecutionListener, org.springframework.boot.test.autoconfigure.web.client.MockRestServiceServerResetTestExecutionListener, org.springframework.boot.test.autoconfigure.web.servlet.MockMvcPrintOnlyOnFailureTestExecutionListener, org.springframework.boot.test.autoconfigure.web.servlet.WebDriverTestExecutionListener, org.springframework.boot.test.mock.mockito.MockitoTestExecutionListener, org.springframework.boot.test.mock.mockito.ResetMocksTestExecutionListener, org.springframework.test.context.web.ServletTestExecutionListener, org.springframework.test.context.support.DirtiesContextBeforeModesTestExecutionListener, org.springframework.test.context.support.DependencyInjectionTestExecutionListener, org.springframework.test.context.support.DirtiesContextTestExecutionListener, org.springframework.test.context.transaction.TransactionalTestExecutionListener, org.springframework.test.context.jdbc.SqlScriptsTestExecutionListener, org.springframework.test.context.event.EventPublishingTestExecutionListener]
2022-07-15 13:55:43.396  INFO 28392 --- [    Test worker] .b.t.c.SpringBootTestContextBootstrapper : Using TestExecutionListeners: [org.springframework.test.context.web.ServletTestExecutionListener@5ee6c893, org.springframework.test.context.support.DirtiesContextBeforeModesTestExecutionListener@6ac95674, org.springframework.boot.test.mock.mockito.MockitoTestExecutionListener@27b543e6, org.springframework.boot.test.autoconfigure.SpringBootDependencyInjectionTestExecutionListener@164aa134, org.springframework.test.context.support.DirtiesContextTestExecutionListener@7e00513e, org.springframework.test.context.transaction.TransactionalTestExecutionListener@5edac27c, org.springframework.test.context.jdbc.SqlScriptsTestExecutionListener@537d1032, org.springframework.test.context.event.EventPublishingTestExecutionListener@107d5868, org.springframework.boot.test.autoconfigure.restdocs.RestDocsTestExecutionListener@6c0872f8, org.springframework.boot.test.autoconfigure.web.client.MockRestServiceServerResetTestExecutionListener@64498427, org.springframework.boot.test.autoconfigure.web.servlet.MockMvcPrintOnlyOnFailureTestExecutionListener@5f0ef41c, org.springframework.boot.test.autoconfigure.web.servlet.WebDriverTestExecutionListener@254a498d, org.springframework.boot.test.mock.mockito.ResetMocksTestExecutionListener@a7a606e]
2022-07-15 13:55:43.430 DEBUG 28392 --- [o-auto-1-exec-4] c.m.c.controller.CompensationController  : Received compensation create request for [CompensationService [employeeId=null, salary=454.00, effectiveDate=Fri Jul 15 13:55:43 EDT 2022]]
2022-07-15 13:55:43.430 DEBUG 28392 --- [o-auto-1-exec-4] c.m.c.s.impl.CompensationServiceImpl     : Creating compensation [CompensationService [employeeId=null, salary=454.00, effectiveDate=Fri Jul 15 13:55:43 EDT 2022]]
2022-07-15 13:55:43.437  INFO 28392 --- [-server-worker2] d.b.mongo.backend.AbstractMongoDatabase  : adding unique _id index for collection compensation
2022-07-15 13:55:43.437  INFO 28392 --- [-server-worker2] d.b.mongo.backend.AbstractMongoDatabase  : created collection test.compensation
2022-07-15 13:55:43.443 DEBUG 28392 --- [o-auto-1-exec-5] c.m.c.controller.CompensationController  : Received compensation read request for id [b7b0ff94-481c-4146-af41-27e85cd5daff]
2022-07-15 13:55:43.444 DEBUG 28392 --- [o-auto-1-exec-5] c.m.c.s.impl.CompensationServiceImpl     : Retrieving compensation with id [b7b0ff94-481c-4146-af41-27e85cd5daff]
]]></system-out>
  <system-err><![CDATA[]]></system-err>
</testsuite>
