<?xml version="1.0" encoding="UTF-8"?>
<testsuite name="com.mindex.challenge.service.impl.EmployeeServiceImplTest" tests="1" skipped="0" failures="0" errors="0" timestamp="2022-07-15T17:55:43" hostname="USATLMCHUNN1" time="0.039">
  <properties/>
  <testcase name="testCreateReadUpdate" classname="com.mindex.challenge.service.impl.EmployeeServiceImplTest" time="0.039"/>
  <system-out><![CDATA[2022-07-15 13:55:43.456  INFO 28392 --- [    Test worker] .b.t.c.SpringBootTestContextBootstrapper : Neither @ContextConfiguration nor @ContextHierarchy found for test class [com.mindex.challenge.service.impl.EmployeeServiceImplTest], using SpringBootContextLoader
2022-07-15 13:55:43.457  INFO 28392 --- [    Test worker] o.s.t.c.support.AbstractContextLoader    : Could not detect default resource locations for test class [com.mindex.challenge.service.impl.EmployeeServiceImplTest]: no resource found for suffixes {-context.xml, Context.groovy}.
2022-07-15 13:55:43.459  INFO 28392 --- [    Test worker] t.c.s.AnnotationConfigContextLoaderUtils : Could not detect default configuration classes for test class [com.mindex.challenge.service.impl.EmployeeServiceImplTest]: EmployeeServiceImplTest does not declare any static, non-private, non-final, nested classes annotated with @Configuration.
2022-07-15 13:55:43.461  INFO 28392 --- [    Test worker] .b.t.c.SpringBootTestContextBootstrapper : Found @SpringBootConfiguration com.mindex.challenge.ChallengeApplication for test class com.mindex.challenge.service.impl.EmployeeServiceImplTest
2022-07-15 13:55:43.462  INFO 28392 --- [    Test worker] .b.t.c.SpringBootTestContextBootstrapper : Loaded default TestExecutionListener class names from location [META-INF/spring.factories]: [org.springframework.boot.test.autoconfigure.restdocs.RestDocsTestExecutionListener, org.springframework.boot.test.autoconfigure.web.client.MockRestServiceServerResetTestExecutionListener, org.springframework.boot.test.autoconfigure.web.servlet.MockMvcPrintOnlyOnFailureTestExecutionListener, org.springframework.boot.test.autoconfigure.web.servlet.WebDriverTestExecutionListener, org.springframework.boot.test.mock.mockito.MockitoTestExecutionListener, org.springframework.boot.test.mock.mockito.ResetMocksTestExecutionListener, org.springframework.test.context.web.ServletTestExecutionListener, org.springframework.test.context.support.DirtiesContextBeforeModesTestExecutionListener, org.springframework.test.context.support.DependencyInjectionTestExecutionListener, org.springframework.test.context.support.DirtiesContextTestExecutionListener, org.springframework.test.context.transaction.TransactionalTestExecutionListener, org.springframework.test.context.jdbc.SqlScriptsTestExecutionListener, org.springframework.test.context.event.EventPublishingTestExecutionListener]
2022-07-15 13:55:43.463  INFO 28392 --- [    Test worker] .b.t.c.SpringBootTestContextBootstrapper : Using TestExecutionListeners: [org.springframework.test.context.web.ServletTestExecutionListener@28dff8ae, org.springframework.test.context.support.DirtiesContextBeforeModesTestExecutionListener@3ac5621c, org.springframework.boot.test.mock.mockito.MockitoTestExecutionListener@20c20604, org.springframework.boot.test.autoconfigure.SpringBootDependencyInjectionTestExecutionListener@5b518df4, org.springframework.test.context.support.DirtiesContextTestExecutionListener@c9c04b8, org.springframework.test.context.transaction.TransactionalTestExecutionListener@1d5852b5, org.springframework.test.context.jdbc.SqlScriptsTestExecutionListener@2d1a853c, org.springframework.test.context.event.EventPublishingTestExecutionListener@7a738346, org.springframework.boot.test.autoconfigure.restdocs.RestDocsTestExecutionListener@1626e174, org.springframework.boot.test.autoconfigure.web.client.MockRestServiceServerResetTestExecutionListener@4934d4ff, org.springframework.boot.test.autoconfigure.web.servlet.MockMvcPrintOnlyOnFailureTestExecutionListener@307e9b80, org.springframework.boot.test.autoconfigure.web.servlet.WebDriverTestExecutionListener@5671577a, org.springframework.boot.test.mock.mockito.ResetMocksTestExecutionListener@777d2181]
2022-07-15 13:55:43.473 DEBUG 28392 --- [o-auto-1-exec-6] c.m.c.controller.EmployeeController      : Received employee create request for [com.mindex.challenge.data.Employee@c2a496d]
2022-07-15 13:55:43.474 DEBUG 28392 --- [o-auto-1-exec-6] c.m.c.service.impl.EmployeeServiceImpl   : Creating employee [com.mindex.challenge.data.Employee@c2a496d]
2022-07-15 13:55:43.482 DEBUG 28392 --- [o-auto-1-exec-7] c.m.c.controller.EmployeeController      : Received employee create request for id [6bb69865-e7be-48ad-a87a-6587fdd11adf]
2022-07-15 13:55:43.483 DEBUG 28392 --- [o-auto-1-exec-7] c.m.c.service.impl.EmployeeServiceImpl   : Creating employee with id [6bb69865-e7be-48ad-a87a-6587fdd11adf]
emp: Engineering
emp: Engineering
emp: Engineering
emp: Engineering
emp: Engineering
emp: Engineering
2022-07-15 13:55:43.495 DEBUG 28392 --- [o-auto-1-exec-8] c.m.c.controller.EmployeeController      : Received employee create request for id [6bb69865-e7be-48ad-a87a-6587fdd11adf] and employee [com.mindex.challenge.data.Employee@6bff0f39]
2022-07-15 13:55:43.496 DEBUG 28392 --- [o-auto-1-exec-8] c.m.c.service.impl.EmployeeServiceImpl   : Updating employee [com.mindex.challenge.data.Employee@6bff0f39]
]]></system-out>
  <system-err><![CDATA[]]></system-err>
</testsuite>
